<?xml version="1.0" encoding="UTF-8"?>
<testng-results ignored="0" total="1" passed="1" failed="0" skipped="0">
  <reporter-output>
  </reporter-output>
  <suite started-at="2023-04-12T10:21:02Z" name="Suite" finished-at="2023-04-12T10:21:02Z" duration-ms="26">
    <groups>
    </groups>
    <test started-at="2023-04-12T10:21:02Z" name="Test" finished-at="2023-04-12T10:21:02Z" duration-ms="26">
      <class name="sample.project.sampleclass">
        <test-method signature="printHello()[pri:0, instance:sample.project.sampleclass@72ade7e3]" started-at="2023-04-12T10:21:02Z" name="printHello" finished-at="2023-04-12T10:21:02Z" duration-ms="1" status="PASS">
          <reporter-output>
          </reporter-output>
        </test-method> <!-- printHello -->
      </class> <!-- sample.project.sampleclass -->
    </test> <!-- Test -->
  </suite> <!-- Suite -->
</testng-results>
